<?xml version="1.0" encoding="UTF-8"?>
<testng-results ignored="0" total="1" passed="1" failed="0" skipped="0">
  <reporter-output>
  </reporter-output>
  <suite started-at="2023-08-23T10:34:12Z" name="Default suite" finished-at="2023-08-23T10:34:32Z" duration-ms="20287">
    <groups>
      <group name="cucumber">
        <method signature="AbstractTestNGCucumberTests.runScenario(io.cucumber.testng.PickleWrapper, io.cucumber.testng.FeatureWrapper)[pri:0, instance:Runner.Test_runner@4716be8b]" name="runScenario" class="io.cucumber.testng.AbstractTestNGCucumberTests"/>
      </group> <!-- cucumber -->
    </groups>
    <test started-at="2023-08-23T10:34:12Z" name="Default test" finished-at="2023-08-23T10:34:32Z" duration-ms="20287">
      <class name="Runner.Test_runner">
        <test-method is-config="true" signature="setUpClass(org.testng.ITestContext)[pri:0, instance:Runner.Test_runner@4716be8b]" started-at="2023-08-23T10:34:12Z" name="setUpClass" finished-at="2023-08-23T10:34:13Z" duration-ms="872" status="PASS">
          <params>
            <param index="0">
              <value>
                <![CDATA[org.testng.TestRunner@b887730]]>
              </value>
            </param>
          </params>
          <reporter-output>
          </reporter-output>
        </test-method> <!-- setUpClass -->
        <test-method signature="runScenario(io.cucumber.testng.PickleWrapper, io.cucumber.testng.FeatureWrapper)[pri:0, instance:Runner.Test_runner@4716be8b]" started-at="2023-08-23T10:34:13Z" name="runScenario" description="Runs Cucumber Scenarios" data-provider="scenarios" finished-at="2023-08-23T10:34:32Z" duration-ms="19214" status="PASS">
          <params>
            <param index="0">
              <value>
                <![CDATA["To test the login page of orangehrm"]]>
              </value>
            </param>
            <param index="1">
              <value>
                <![CDATA["Optional[Testing orangehrm]"]]>
              </value>
            </param>
          </params>
          <reporter-output>
          </reporter-output>
        </test-method> <!-- runScenario -->
        <test-method is-config="true" signature="tearDownClass()[pri:0, instance:Runner.Test_runner@4716be8b]" started-at="2023-08-23T10:34:32Z" name="tearDownClass" finished-at="2023-08-23T10:34:32Z" duration-ms="137" status="PASS">
          <reporter-output>
          </reporter-output>
        </test-method> <!-- tearDownClass -->
      </class> <!-- Runner.Test_runner -->
    </test> <!-- Default test -->
  </suite> <!-- Default suite -->
</testng-results>
